<?xml version="1.0" encoding="UTF-8"?>
<Site BuildName="(empty)"
	BuildStamp="20251204-1914-Experimental"
	Name="dodo"
	Generator="ctest-3.16.3"
	CompilerName="/usr/bin/c++"
	CompilerVersion="9.4.0"
	OSName="Linux"
	Hostname="dodo"
	OSRelease="5.15.0-139-generic"
	OSVersion="#149~20.04.1-Ubuntu SMP Wed Apr 16 08:29:56 UTC 2025"
	OSPlatform="x86_64"
	Is64Bits="1"
	VendorString="GenuineIntel"
	VendorID="Intel Corporation"
	FamilyID="6"
	ModelID="158"
	ProcessorCacheSize="8192"
	NumberOfLogicalCPU="8"
	NumberOfPhysicalCPU="4"
	TotalVirtualMemory="3905"
	TotalPhysicalMemory="15837"
	LogicalProcessorsPerPhysical="2"
	ProcessorClockFrequency="3601.86"
	>
	<Testing>
		<StartDateTime>Dec 04 21:45 EET</StartDateTime>
		<StartTestTime>1764877538</StartTestTime>
		<TestList/>
		<EndDateTime>Dec 04 21:45 EET</EndDateTime>
		<EndTestTime>1764877538</EndTestTime>
		<ElapsedMinutes>0</ElapsedMinutes>
	</Testing>
</Site>
